[22:21:35] [main/INFO]: Loading tweak class name optifine.OptiFineTweaker
[22:21:35] [main/INFO]: Using primary tweak class name optifine.OptiFineTweaker
[22:21:35] [main/INFO]: Calling tweak class optifine.OptiFineTweaker
[22:21:35] [main/INFO]: [OptiFine] OptiFineTweaker: acceptOptions
[22:21:35] [main/INFO]: [OptiFine] OptiFineTweaker: injectIntoClassLoader
[22:21:35] [main/INFO]: [OptiFine] OptiFine ClassTransformer
[22:21:35] [main/INFO]: [OptiFine] OptiFine ZIP file: C:\Users\annabel\Downloads\MultiMC - Copy\instances\multiresource_options_editor_of\libraries\OptiFine_1.18.1_HD_U_H4.jar
[22:21:35] [main/INFO]: [OptiFine] OptiFineTweaker: getLaunchArguments
[22:21:35] [main/INFO]: [OptiFine] OptiFineTweaker: getLaunchTarget
[22:21:36] [main/INFO]: Launching wrapped minecraft {net.minecraft.client.main.Main}
[22:21:36] [main/INFO]: [OptiFine] (Reflector) Class not present: net.minecraftforge.eventbus.api.Event$Result
[22:21:36] [main/INFO]: [OptiFine] (Reflector) Class not present: net.minecraftforge.common.extensions.IForgeEntity
[22:21:36] [main/INFO]: [OptiFine] (Reflector) Class not present: net.minecraftforge.logging.CrashReportExtender
[22:21:37] [main/INFO]: [OptiFine] (Reflector) Method not present: ahm.createOptional
[22:21:39] [Render thread/INFO]: [OptiFine] (Reflector) Class not present: net.minecraftforge.client.ForgeHooksClient
[22:21:40] [Render thread/INFO]: Environment: authHost='https://authserver.mojang.com', accountsHost='https://api.mojang.com', sessionHost='https://sessionserver.mojang.com', servicesHost='https://api.minecraftservices.com', name='PROD'
[22:21:40] [Render thread/INFO]: Setting user: TsukiTheDwagon
[22:21:40] [Render thread/INFO]: [OptiFine] (Reflector) Class not present: net.minecraftforge.client.settings.KeyConflictContext
[22:21:40] [Render thread/INFO]: [OptiFine] (Reflector) Method not present: dxl.getKeyModifier
[22:21:40] [Render thread/INFO]: Backend library: LWJGL version 3.2.2 build 10
[22:21:40] [Render thread/INFO]: [OptiFine] (Reflector) Method not present: net.minecraftforge.fml.loading.progress.EarlyProgressVisualization.handOffWindow
[22:21:41] [Render thread/INFO]: [OptiFine] 
[22:21:41] [Render thread/INFO]: [OptiFine] OptiFine_1.18.1_HD_U_H4
[22:21:41] [Render thread/INFO]: [OptiFine] Build: 20211212-175054
[22:21:41] [Render thread/INFO]: [OptiFine] OS: Windows 10 (amd64) version 10.0
[22:21:41] [Render thread/INFO]: [OptiFine] Java: 17.0.1, Oracle Corporation
[22:21:41] [Render thread/INFO]: [OptiFine] VM: OpenJDK 64-Bit Server VM (mixed mode, sharing), Oracle Corporation
[22:21:41] [Render thread/INFO]: [OptiFine] LWJGL: 3.3.0 Win32 WGL EGL OSMesa VisualC DLL
[22:21:41] [Render thread/INFO]: [OptiFine] OpenGL: AMD Radeon(TM) Graphics, version 3.2.14756 Core Profile Forward-Compatible Context 20.40.44.03 27.20.14044.3004, ATI Technologies Inc.
[22:21:41] [Render thread/INFO]: [OptiFine] OpenGL Version: 3.2.14756
[22:21:41] [Render thread/INFO]: [OptiFine] Maximum texture size: 16384x16384
[22:21:41] [VersionCheck/INFO]: [OptiFine] Checking for new version
[22:21:41] [Render thread/INFO]: [Shaders] OpenGL Version: 3.2.14756 Core Profile Forward-Compatible Context 20.40.44.03 27.20.14044.3004
[22:21:41] [Render thread/INFO]: [Shaders] Vendor:  ATI Technologies Inc.
[22:21:41] [Render thread/INFO]: [Shaders] Renderer: AMD Radeon(TM) Graphics
[22:21:41] [Render thread/INFO]: [Shaders] Capabilities:  2.0  2.1  3.0  3.2  - 
[22:21:41] [Render thread/INFO]: [Shaders] GL_MAX_DRAW_BUFFERS: 8
[22:21:41] [Render thread/INFO]: [Shaders] GL_MAX_COLOR_ATTACHMENTS: 8
[22:21:41] [Render thread/INFO]: [Shaders] GL_MAX_TEXTURE_IMAGE_UNITS: 32
[22:21:41] [Render thread/INFO]: [Shaders] Load shaders configuration.
[22:21:41] [Render thread/INFO]: [Shaders] Save shaders configuration.
[22:21:41] [Render thread/INFO]: [Shaders] No shaderpack loaded.
[22:21:41] [Render thread/INFO]: [OptiFine] (Reflector) Class not present: net.minecraftforge.fml.ModList
[22:21:41] [VersionCheck/INFO]: [OptiFine] java.io.FileNotFoundException: http://optifine.net/version/1.18.1/HD_U.txt
[22:21:42] [Render thread/WARN]: [OptiFine] (Reflector) java.lang.ClassNotFoundException: sun.misc.SharedSecrets
[22:21:42] [Render thread/WARN]: [OptiFine] (Reflector) java.lang.ClassNotFoundException: jdk.internal.misc.SharedSecrets
[22:21:42] [Render thread/WARN]: [OptiFine] (Reflector) java.lang.ClassNotFoundException: sun.misc.VM
[22:21:42] [Render thread/WARN]: [OptiFine] (Reflector) java.lang.reflect.InaccessibleObjectException: Unable to make public static long jdk.internal.misc.VM.maxDirectMemory() accessible: module java.base does not "exports jdk.internal.misc" to unnamed module @14e37f06
[22:21:42] [Render thread/INFO]: [OptiFine] (Reflector) Class not present: net.minecraftforge.client.ItemModelMesherForge
[22:21:42] [Render thread/INFO]: [OptiFine] (Reflector) Class not present: net.minecraftforge.client.model.pipeline.ForgeBlockModelRenderer
[22:21:42] [Render thread/INFO]: Narrator library for x64 successfully loaded
[22:21:42] [Render thread/INFO]: Reloading ResourceManager: Default, options_editor
[22:21:42] [Render thread/INFO]: [OptiFine] *** Reloading textures ***
[22:21:42] [Render thread/INFO]: [OptiFine] Resource packs: options_editor
[22:21:42] [Worker-Main-29/INFO]: [OptiFine] (Reflector) Class not present: net.minecraftforge.client.model.ModelLoaderRegistry
[22:21:42] [Worker-Main-28/INFO]: [OptiFine] Multitexture: false
[22:21:42] [Worker-Main-19/INFO]: [OptiFine] Multitexture: false
[22:21:42] [Worker-Main-16/INFO]: [OptiFine] Multitexture: false
[22:21:42] [Render thread/INFO]: [OptiFine] (Reflector) Class not present: net.minecraftforge.client.gui.ModListScreen
[22:21:42] [Render thread/INFO]: [OptiFine] (Reflector) Class not present: net.minecraftforge.client.gui.NotificationModUpdateScreen
[22:21:42] [Render thread/INFO]: [OptiFine] (Reflector) Method not present: epg.canRenderInLayer
[22:21:42] [Render thread/INFO]: [OptiFine] *** Reflector Forge ***
[22:21:42] [Render thread/INFO]: [OptiFine] (Reflector) Class not present: mods.betterfoliage.client.BetterFoliageClient
[22:21:42] [Render thread/INFO]: [OptiFine] (Reflector) Class not present: net.minecraftforge.internal.BrandingControl
[22:21:42] [Render thread/INFO]: [OptiFine] (Reflector) Class not present: net.minecraftforge.common.capabilities.ICapabilityProvider
[22:21:42] [Render thread/INFO]: [OptiFine] (Reflector) Class not present: net.minecraftforge.common.capabilities.CapabilityProvider
[22:21:42] [Render thread/INFO]: [OptiFine] (Reflector) Class not present: net.minecraftforge.client.loading.ClientModLoader
[22:21:42] [Render thread/INFO]: [OptiFine] (Reflector) Class not present: net.minecraftforge.event.world.ChunkDataEvent$Save
[22:21:42] [Render thread/INFO]: [OptiFine] (Reflector) Class not present: net.minecraftforge.event.world.ChunkEvent$Load
[22:21:42] [Render thread/INFO]: [OptiFine] (Reflector) Class not present: net.minecraftforge.event.world.ChunkEvent$Unload
[22:21:42] [Render thread/INFO]: [OptiFine] (Reflector) Class not present: net.minecraftforge.client.event.EntityRenderersEvent$AddLayers
[22:21:42] [Render thread/INFO]: [OptiFine] (Reflector) Class not present: net.minecraftforge.event.entity.EntityLeaveWorldEvent
[22:21:42] [Render thread/INFO]: [OptiFine] (Reflector) Class not present: net.minecraftforge.client.event.EntityViewRenderEvent$CameraSetup
[22:21:42] [Render thread/INFO]: [OptiFine] (Reflector) Class not present: net.minecraftforge.client.event.EntityViewRenderEvent$FogColors
[22:21:42] [Render thread/INFO]: [OptiFine] (Reflector) Class not present: net.minecraftforge.client.event.EntityViewRenderEvent$RenderFogEvent
[22:21:42] [Render thread/INFO]: [OptiFine] (Reflector) Class not present: net.minecraftforge.event.entity.EntityJoinWorldEvent
[22:21:42] [Render thread/INFO]: [OptiFine] (Reflector) Method not present: net.minecraftforge.eventbus.api.Event.isCanceled
[22:21:42] [Render thread/INFO]: [OptiFine] (Reflector) Method not present: net.minecraftforge.eventbus.api.Event.getResult
[22:21:42] [Render thread/INFO]: [OptiFine] (Reflector) Class not present: net.minecraftforge.eventbus.api.IEventBus
[22:21:42] [Render thread/INFO]: [OptiFine] (Reflector) Class not present: net.minecraftforge.common.extensions.IForgeBlock
[22:21:42] [Render thread/INFO]: [OptiFine] (Reflector) Method not present: eqb.getTexture
[22:21:42] [Render thread/INFO]: [OptiFine] (Reflector) Method not present: net.minecraftforge.common.extensions.IForgeBlockState.getLightEmission
[22:21:42] [Render thread/INFO]: [OptiFine] (Reflector) Method not present: net.minecraftforge.common.extensions.IForgeBlockState.getSoundType
[22:21:42] [Render thread/INFO]: [OptiFine] (Reflector) Method not present: net.minecraftforge.common.extensions.IForgeBlockState.getStateAtViewpoint
[22:21:42] [Render thread/INFO]: [OptiFine] (Reflector) Method not present: net.minecraftforge.common.extensions.IForgeBlockState.shouldDisplayFluidOverlay
[22:21:42] [Render thread/INFO]: [OptiFine] (Reflector) Class not present: net.minecraftforge.common.extensions.IForgeFluid
[22:21:42] [Render thread/INFO]: [OptiFine] (Reflector) Class not present: net.minecraftforge.fluids.FluidAttributes
[22:21:42] [Render thread/INFO]: [OptiFine] (Reflector) Field not present: acu.currentlyLoading
[22:21:42] [Render thread/INFO]: [OptiFine] (Reflector) Method not present: awx.getTags
[22:21:42] [Render thread/INFO]: [OptiFine] (Reflector) Class not present: net.minecraftforge.event.ForgeEventFactory
[22:21:42] [Render thread/INFO]: [OptiFine] (Reflector) Method not present: dhu.getTags
[22:21:42] [Render thread/INFO]: [OptiFine] (Reflector) Class not present: net.minecraftforge.common.ForgeHooks
[22:21:42] [Render thread/INFO]: [OptiFine] (Reflector) Class not present: net.minecraftforge.common.ForgeConfig
[22:21:42] [Render thread/INFO]: [OptiFine] (Reflector) Class not present: net.minecraftforge.common.ForgeConfig$Client
[22:21:42] [Render thread/INFO]: [OptiFine] (Reflector) Class not present: net.minecraftforge.common.ForgeConfigSpec
[22:21:42] [Render thread/INFO]: [OptiFine] (Reflector) Class not present: net.minecraftforge.common.ForgeConfigSpec$ConfigValue
[22:21:42] [Render thread/INFO]: [OptiFine] (Reflector) Method not present: cpy.getWorldForge
[22:21:42] [Render thread/INFO]: [OptiFine] (Reflector) Class not present: net.minecraftforge.common.extensions.IForgeItem
[22:21:42] [Render thread/INFO]: [OptiFine] (Reflector) Class not present: net.minecraftforge.common.extensions.IForgeItemStack
[22:21:42] [Render thread/INFO]: [OptiFine] (Reflector) Class not present: net.minecraftforge.common.ForgeI18n
[22:21:42] [Render thread/INFO]: [OptiFine] (Reflector) Method not present: dxl.setKeyConflictContext
[22:21:42] [Render thread/INFO]: [OptiFine] (Reflector) Method not present: dxl.setKeyModifierAndCode
[22:21:42] [Render thread/INFO]: [OptiFine] (Reflector) Class not present: net.minecraftforge.registries.ForgeRegistryEntry
[22:21:42] [Render thread/INFO]: [OptiFine] (Reflector) Method not present: epg.canRenderInLayer
[22:21:42] [Render thread/INFO]: [OptiFine] (Reflector) Constructor not present: adm, params: class adn, int, class java.lang.Object, boolean
[22:21:42] [Render thread/INFO]: [OptiFine] (Reflector) Method not present: adm.isForceTicks
[22:21:42] [Render thread/INFO]: [OptiFine] (Reflector) Class not present: net.minecraftforge.common.extensions.IForgeBlockEntity
[22:21:42] [Render thread/INFO]: [OptiFine] (Reflector) Method not present: epa.getCloudRenderHandler
[22:21:42] [Render thread/INFO]: [OptiFine] (Reflector) Method not present: epa.getSkyRenderHandler
[22:21:42] [Render thread/INFO]: [OptiFine] (Reflector) Method not present: epa.getWeatherParticleRenderHandler
[22:21:42] [Render thread/INFO]: [OptiFine] (Reflector) Method not present: epa.getWeatherRenderHandler
[22:21:42] [Render thread/INFO]: [OptiFine] (Reflector) Class not present: net.minecraftforge.client.settings.KeyModifier
[22:21:42] [Render thread/INFO]: [OptiFine] (Reflector) Class not present: net.minecraftforge.client.model.pipeline.LightUtil
[22:21:42] [Render thread/INFO]: [OptiFine] (Reflector) Class not present: net.minecraftforge.common.MinecraftForge
[22:21:42] [Render thread/INFO]: [OptiFine] (Reflector) Class not present: net.minecraftforge.client.MinecraftForgeClient
[22:21:42] [Render thread/INFO]: [OptiFine] (Reflector) Class not present: net.minecraftforge.fml.ModContainer
[22:21:42] [Render thread/INFO]: [OptiFine] (Reflector) Class not present: net.minecraftforge.fml.ModLoader
[22:21:42] [Render thread/INFO]: [OptiFine] (Reflector) Class not present: net.minecraftforge.entity.PartEntity
[22:21:42] [Render thread/INFO]: [OptiFine] (Reflector) Class not present: net.minecraftforge.event.entity.PlaySoundAtEntityEvent
[22:21:42] [Render thread/INFO]: [OptiFine] (Reflector) Class not present: net.minecraftforge.client.event.RegisterShadersEvent
[22:21:42] [Render thread/INFO]: [OptiFine] (Reflector) Class not present: net.minecraftforge.client.event.RenderBlockOverlayEvent$OverlayType
[22:21:42] [Render thread/INFO]: [OptiFine] (Reflector) Class not present: net.minecraftforge.client.event.RenderGameOverlayEvent$BossInfo
[22:21:42] [Render thread/INFO]: [OptiFine] (Reflector) Class not present: net.minecraftforge.client.event.RenderItemInFrameEvent
[22:21:42] [Render thread/INFO]: [OptiFine] (Reflector) Class not present: net.minecraftforge.client.event.RenderLivingEvent$Pre
[22:21:42] [Render thread/INFO]: [OptiFine] (Reflector) Class not present: net.minecraftforge.client.event.RenderLivingEvent$Post
[22:21:42] [Render thread/INFO]: [OptiFine] (Reflector) Class not present: net.minecraftforge.client.event.RenderNameplateEvent
[22:21:42] [Render thread/INFO]: [OptiFine] (Reflector) Method not present: net.minecraftforge.client.RenderProperties.getEffectRenderer
[22:21:42] [Render thread/INFO]: [OptiFine] (Reflector) Method not present: net.minecraftforge.client.RenderProperties.getEffectRenderer
[22:21:42] [Render thread/INFO]: [OptiFine] (Reflector) Class not present: net.minecraftforge.client.event.ScreenshotEvent
[22:21:42] [Render thread/INFO]: [OptiFine] (Reflector) Class not present: net.minecraftforge.server.ServerLifecycleHooks
[22:21:42] [Render thread/INFO]: [OptiFine] (Reflector) Method not present: eoc.updateSprite
[22:21:42] [Render thread/INFO]: [OptiFine] (Reflector) Class not present: net.minecraftforge.event.world.WorldEvent$Load
[22:21:42] [Render thread/INFO]: [OptiFine] *** Reflector Vanilla ***
[22:21:44] [Worker-Main-29/WARN]: [OptiFine] Unknown resource pack type: fac@7a790908
[22:21:44] [Worker-Main-29/WARN]: [OptiFine] Unknown resource pack type: fac@7a790908
[22:21:44] [Worker-Main-29/WARN]: [OptiFine] Unknown resource pack type: fac@7a790908
[22:21:44] [Worker-Main-29/WARN]: [OptiFine] Unknown resource pack type: fac@7a790908
[22:21:45] [Worker-Main-29/INFO]: [OptiFine] Multitexture: false
[22:21:45] [Worker-Main-29/WARN]: [OptiFine] Unknown resource pack type: fac@592e42b0
[22:21:45] [Worker-Main-29/INFO]: [OptiFine] Multipass connected textures: false
[22:21:45] [Worker-Main-29/INFO]: [OptiFine] ConnectedTextures: optifine/ctm/default/00_glass_white/glass_pane_white.properties
[22:21:45] [Worker-Main-29/INFO]: [OptiFine] ConnectedTextures: optifine/ctm/default/00_glass_white/glass_white.properties
[22:21:45] [Worker-Main-29/INFO]: [OptiFine] ConnectedTextures: optifine/ctm/default/01_glass_orange/glass_orange.properties
[22:21:45] [Worker-Main-29/INFO]: [OptiFine] ConnectedTextures: optifine/ctm/default/01_glass_orange/glass_pane_orange.properties
[22:21:45] [Worker-Main-29/INFO]: [OptiFine] ConnectedTextures: optifine/ctm/default/02_glass_magenta/glass_magenta.properties
[22:21:45] [Worker-Main-29/INFO]: [OptiFine] ConnectedTextures: optifine/ctm/default/02_glass_magenta/glass_pane_magenta.properties
[22:21:45] [Worker-Main-29/INFO]: [OptiFine] ConnectedTextures: optifine/ctm/default/03_glass_light_blue/glass_light_blue.properties
[22:21:45] [Worker-Main-29/INFO]: [OptiFine] ConnectedTextures: optifine/ctm/default/03_glass_light_blue/glass_pane_light_blue.properties
[22:21:45] [Worker-Main-29/INFO]: [OptiFine] ConnectedTextures: optifine/ctm/default/04_glass_yellow/glass_pane_yellow.properties
[22:21:45] [Worker-Main-29/INFO]: [OptiFine] ConnectedTextures: optifine/ctm/default/04_glass_yellow/glass_yellow.properties
[22:21:45] [Worker-Main-29/INFO]: [OptiFine] ConnectedTextures: optifine/ctm/default/05_glass_lime/glass_lime.properties
[22:21:45] [Worker-Main-29/INFO]: [OptiFine] ConnectedTextures: optifine/ctm/default/05_glass_lime/glass_pane_lime.properties
[22:21:45] [Worker-Main-29/INFO]: [OptiFine] ConnectedTextures: optifine/ctm/default/06_glass_pink/glass_pane_pink.properties
[22:21:45] [Worker-Main-29/INFO]: [OptiFine] ConnectedTextures: optifine/ctm/default/06_glass_pink/glass_pink.properties
[22:21:45] [Worker-Main-29/INFO]: [OptiFine] ConnectedTextures: optifine/ctm/default/07_glass_gray/glass_gray.properties
[22:21:45] [Worker-Main-29/INFO]: [OptiFine] ConnectedTextures: optifine/ctm/default/07_glass_gray/glass_pane_gray.properties
[22:21:45] [Worker-Main-29/INFO]: [OptiFine] ConnectedTextures: optifine/ctm/default/08_glass_light_gray/glass_light_gray.properties
[22:21:45] [Worker-Main-29/INFO]: [OptiFine] ConnectedTextures: optifine/ctm/default/08_glass_light_gray/glass_pane_light_gray.properties
[22:21:45] [Worker-Main-29/INFO]: [OptiFine] ConnectedTextures: optifine/ctm/default/09_glass_cyan/glass_cyan.properties
[22:21:45] [Worker-Main-29/INFO]: [OptiFine] ConnectedTextures: optifine/ctm/default/09_glass_cyan/glass_pane_cyan.properties
[22:21:45] [Worker-Main-29/INFO]: [OptiFine] ConnectedTextures: optifine/ctm/default/10_glass_purple/glass_pane_purple.properties
[22:21:45] [Worker-Main-29/INFO]: [OptiFine] ConnectedTextures: optifine/ctm/default/10_glass_purple/glass_purple.properties
[22:21:45] [Worker-Main-29/INFO]: [OptiFine] ConnectedTextures: optifine/ctm/default/11_glass_blue/glass_blue.properties
[22:21:45] [Worker-Main-29/INFO]: [OptiFine] ConnectedTextures: optifine/ctm/default/11_glass_blue/glass_pane_blue.properties
[22:21:45] [Worker-Main-29/INFO]: [OptiFine] ConnectedTextures: optifine/ctm/default/12_glass_brown/glass_brown.properties
[22:21:45] [Worker-Main-29/INFO]: [OptiFine] ConnectedTextures: optifine/ctm/default/12_glass_brown/glass_pane_brown.properties
[22:21:45] [Worker-Main-29/INFO]: [OptiFine] ConnectedTextures: optifine/ctm/default/13_glass_green/glass_green.properties
[22:21:45] [Worker-Main-29/INFO]: [OptiFine] ConnectedTextures: optifine/ctm/default/13_glass_green/glass_pane_green.properties
[22:21:45] [Worker-Main-29/INFO]: [OptiFine] ConnectedTextures: optifine/ctm/default/14_glass_red/glass_pane_red.properties
[22:21:45] [Worker-Main-29/INFO]: [OptiFine] ConnectedTextures: optifine/ctm/default/14_glass_red/glass_red.properties
[22:21:45] [Worker-Main-29/INFO]: [OptiFine] ConnectedTextures: optifine/ctm/default/15_glass_black/glass_black.properties
[22:21:45] [Worker-Main-29/INFO]: [OptiFine] ConnectedTextures: optifine/ctm/default/15_glass_black/glass_pane_black.properties
[22:21:45] [Worker-Main-29/INFO]: [OptiFine] ConnectedTextures: optifine/ctm/default/20_glass/glass.properties
[22:21:45] [Worker-Main-29/INFO]: [OptiFine] ConnectedTextures: optifine/ctm/default/20_glass/glass_pane.properties
[22:21:45] [Worker-Main-29/INFO]: [OptiFine] ConnectedTextures: optifine/ctm/default/21_tinted_glass/tinted_glass.properties
[22:21:45] [Worker-Main-29/INFO]: [OptiFine] ConnectedTextures: optifine/ctm/default/30_bookshelf/bookshelf.properties
[22:21:45] [Worker-Main-29/INFO]: [OptiFine] ConnectedTextures: optifine/ctm/default/40_sandstone/sandstone.properties
[22:21:45] [Worker-Main-29/INFO]: [OptiFine] ConnectedTextures: optifine/ctm/default/41_red_sandstone/red_sandstone.properties
[22:21:45] [Worker-Main-29/INFO]: [OptiFine] Multipass connected textures: false
[22:21:45] [Worker-Main-29/INFO]: [OptiFine] BetterGrass: Parsing default configuration optifine/bettergrass.properties
[22:21:48] [Worker-Main-29/INFO]: [OptiFine] Mipmap levels: 4
[22:21:48] [Worker-Main-29/INFO]: [OptiFine] Multitexture: false
[22:21:48] [Worker-Main-29/INFO]: [OptiFine] Sprite size: 64
[22:21:48] [Worker-Main-29/INFO]: [OptiFine] Mipmap levels: 6
[22:21:48] [Worker-Main-29/WARN]: Unused frames in sprite minecraft:missingno: [1, 2, 3, 4, 5, 6, 7, 8, 9, 10, 11, 12, 13, 14, 15]
[22:21:48] [Worker-Main-29/INFO]: [OptiFine] Multitexture: false
[22:21:48] [Worker-Main-29/INFO]: [OptiFine] Sprite size: 64
[22:21:48] [Worker-Main-29/INFO]: [OptiFine] Mipmap levels: 6
[22:21:48] [Worker-Main-29/WARN]: Unused frames in sprite minecraft:missingno: [1, 2, 3, 4, 5, 6, 7, 8, 9, 10, 11, 12, 13, 14, 15]
[22:21:48] [Worker-Main-29/INFO]: [OptiFine] Multitexture: false
[22:21:48] [Worker-Main-29/INFO]: [OptiFine] Sprite size: 64
[22:21:48] [Worker-Main-29/INFO]: [OptiFine] Mipmap levels: 6
[22:21:48] [Worker-Main-29/WARN]: Unused frames in sprite minecraft:missingno: [1, 2, 3, 4, 5, 6, 7, 8, 9, 10, 11, 12, 13, 14, 15]
[22:21:48] [Worker-Main-29/INFO]: [OptiFine] Multitexture: false
[22:21:48] [Worker-Main-29/INFO]: [OptiFine] Sprite size: 64
[22:21:48] [Worker-Main-29/INFO]: [OptiFine] Mipmap levels: 6
[22:21:48] [Worker-Main-29/WARN]: Unused frames in sprite minecraft:missingno: [1, 2, 3, 4, 5, 6, 7, 8, 9, 10, 11, 12, 13, 14, 15]
[22:21:48] [Worker-Main-29/INFO]: [OptiFine] Multitexture: false
[22:21:48] [Worker-Main-29/INFO]: [OptiFine] Sprite size: 64
[22:21:48] [Worker-Main-29/INFO]: [OptiFine] Mipmap levels: 6
[22:21:48] [Worker-Main-29/WARN]: Unused frames in sprite minecraft:missingno: [1, 2, 3, 4, 5, 6, 7, 8, 9, 10, 11, 12, 13, 14, 15]
[22:21:48] [Worker-Main-29/INFO]: [OptiFine] Multitexture: false
[22:21:48] [Worker-Main-29/INFO]: [OptiFine] Sprite size: 64
[22:21:48] [Worker-Main-29/INFO]: [OptiFine] Mipmap levels: 6
[22:21:48] [Worker-Main-29/WARN]: Unused frames in sprite minecraft:missingno: [1, 2, 3, 4, 5, 6, 7, 8, 9, 10, 11, 12, 13, 14, 15]
[22:21:48] [Render thread/INFO]: OpenAL initialized on device OpenAL Soft on Headphones (Realtek(R) Audio)
[22:21:48] [Render thread/INFO]: Sound engine started
[22:21:49] [Render thread/INFO]: Created: 1024x1024x4 minecraft:textures/atlas/blocks.png-atlas
[22:21:49] [Render thread/INFO]: [OptiFine] Animated sprites: 45
[22:21:49] [Render thread/INFO]: Created: 256x128x4 minecraft:textures/atlas/signs.png-atlas
[22:21:49] [Render thread/INFO]: [OptiFine] Animated sprites: 0
[22:21:49] [Render thread/INFO]: Created: 512x512x4 minecraft:textures/atlas/banner_patterns.png-atlas
[22:21:49] [Render thread/INFO]: [OptiFine] Animated sprites: 0
[22:21:49] [Render thread/INFO]: Created: 512x512x4 minecraft:textures/atlas/shield_patterns.png-atlas
[22:21:49] [Render thread/INFO]: [OptiFine] Animated sprites: 0
[22:21:49] [Render thread/INFO]: Created: 256x256x4 minecraft:textures/atlas/chest.png-atlas
[22:21:49] [Render thread/INFO]: [OptiFine] Animated sprites: 0
[22:21:49] [Render thread/INFO]: Created: 512x256x4 minecraft:textures/atlas/beds.png-atlas
[22:21:49] [Render thread/INFO]: [OptiFine] Animated sprites: 0
[22:21:49] [Render thread/INFO]: Created: 512x256x4 minecraft:textures/atlas/shulker_boxes.png-atlas
[22:21:49] [Render thread/INFO]: [OptiFine] Animated sprites: 0
[22:21:50] [Render thread/INFO]: Created: 256x256x0 minecraft:textures/atlas/particles.png-atlas
[22:21:50] [Render thread/INFO]: [OptiFine] Animated sprites: 1
[22:21:50] [Render thread/INFO]: Created: 256x256x0 minecraft:textures/atlas/paintings.png-atlas
[22:21:50] [Render thread/INFO]: [OptiFine] Animated sprites: 0
[22:21:50] [Render thread/INFO]: Created: 128x128x0 minecraft:textures/atlas/mob_effects.png-atlas
[22:21:50] [Render thread/INFO]: [OptiFine] Animated sprites: 0
[22:21:50] [Render thread/INFO]: [OptiFine] *** Reloading custom textures ***
[22:21:50] [Render thread/WARN]: [OptiFine] Unknown resource pack type: fac@27bc569a
[22:21:50] [Render thread/WARN]: [OptiFine] Unknown resource pack type: fac@1e98f6f2
[22:21:50] [Render thread/WARN]: [OptiFine] Unknown resource pack type: fac@1de88e72
[22:21:53] [Render thread/WARN]: [OptiFine] Unknown resource pack type: fac@33dbdb48
[22:21:53] [Render thread/WARN]: [OptiFine] Model renderer not found, model: creeper, name: armor
[22:21:53] [Render thread/WARN]: [OptiFine] Model renderer not found, model: minecart, name: dirt
[22:21:53] [Render thread/WARN]: [OptiFine] Model renderer not found, model: chest_minecart, name: dirt
[22:21:53] [Render thread/WARN]: [OptiFine] Model renderer not found, model: command_block_minecart, name: dirt
[22:21:53] [Render thread/WARN]: [OptiFine] Model renderer not found, model: furnace_minecart, name: dirt
[22:21:53] [Render thread/WARN]: [OptiFine] Model renderer not found, model: hopper_minecart, name: dirt
[22:21:53] [Render thread/WARN]: [OptiFine] Model renderer not found, model: tnt_minecart, name: dirt
[22:21:53] [Render thread/WARN]: [OptiFine] Model renderer not found, model: spawner_minecart, name: dirt
[22:21:53] [Render thread/WARN]: [OptiFine] Unknown resource pack type: fac@6c0959f4
[22:21:53] [Render thread/WARN]: [OptiFine] Unknown resource pack type: fac@693089ab
[22:21:53] [Render thread/INFO]: [OptiFine] Disable Forge light pipeline
[22:22:33] [Render thread/INFO]: [Shaders] Save shaders configuration.
[22:22:38] [Render thread/INFO]: [Shaders] Save shaders configuration.
[22:23:03] [Render thread/INFO]: Stopping!
